<?xml version="1.0" encoding="UTF-8"?>
<!-- Generated by org.testng.reporters.JUnitReportReporter -->
<testsuite skipped="0" hostname="LOXTIPL0012016" name="Utils.Log4j" tests="1" failures="0" timestamp="09 Aug 2017 13:33:17 GMT" time="0.078" errors="0">
  <testcase name="log4jExample" time="0.078" classname="Utils.Log4j"/>
</testsuite> <!-- Utils.Log4j -->
