<?xml version="1.0" encoding="UTF-8"?>
<!-- Generated by org.testng.reporters.JUnitReportReporter -->
<testsuite skipped="0" hostname="LOXTIPL0012016" name="tools.Adb" tests="1" failures="0" timestamp="14 Aug 2017 14:58:54 GMT" time="462.323" errors="0">
  <testcase name="testADB" time="462.323" classname="tools.Adb"/>
</testsuite> <!-- tools.Adb -->
